[2024-06-25 00:25:05,687] {taskinstance.py:877} INFO - Dependencies all met for <TaskInstance: welcome_dag.print_date 2024-06-25T00:24:22.222697+00:00 [queued]>
[2024-06-25 00:25:05,701] {taskinstance.py:877} INFO - Dependencies all met for <TaskInstance: welcome_dag.print_date 2024-06-25T00:24:22.222697+00:00 [queued]>
[2024-06-25 00:25:05,702] {taskinstance.py:1068} INFO - 
--------------------------------------------------------------------------------
[2024-06-25 00:25:05,702] {taskinstance.py:1069} INFO - Starting attempt 1 of 1
[2024-06-25 00:25:05,702] {taskinstance.py:1070} INFO - 
--------------------------------------------------------------------------------
[2024-06-25 00:25:05,708] {taskinstance.py:1089} INFO - Executing <Task(PythonOperator): print_date> on 2024-06-25T00:24:22.222697+00:00
[2024-06-25 00:25:05,715] {standard_task_runner.py:52} INFO - Started process 66 to run task
[2024-06-25 00:25:05,718] {standard_task_runner.py:76} INFO - Running: ['airflow', 'tasks', 'run', 'welcome_dag', 'print_date', '2024-06-25T00:24:22.222697+00:00', '--job-id', '5', '--pool', 'default_pool', '--raw', '--subdir', 'DAGS_FOLDER/welcome_dag.py', '--cfg-path', '/tmp/tmpk9ln6dl5', '--error-file', '/tmp/tmpg9zw78er']
[2024-06-25 00:25:05,719] {standard_task_runner.py:77} INFO - Job 5: Subtask print_date
[2024-06-25 00:25:05,753] {logging_mixin.py:104} INFO - Running <TaskInstance: welcome_dag.print_date 2024-06-25T00:24:22.222697+00:00 [running]> on host 2622c5d391e2
[2024-06-25 00:25:05,780] {taskinstance.py:1283} INFO - Exporting the following env vars:
AIRFLOW_CTX_DAG_OWNER=airflow
AIRFLOW_CTX_DAG_ID=welcome_dag
AIRFLOW_CTX_TASK_ID=print_date
AIRFLOW_CTX_EXECUTION_DATE=2024-06-25T00:24:22.222697+00:00
AIRFLOW_CTX_DAG_RUN_ID=manual__2024-06-25T00:24:22.222697+00:00
[2024-06-25 00:25:05,781] {logging_mixin.py:104} INFO - Today is 2024-06-25
[2024-06-25 00:25:05,781] {python.py:118} INFO - Done. Returned value was: None
[2024-06-25 00:25:05,788] {taskinstance.py:1192} INFO - Marking task as SUCCESS. dag_id=welcome_dag, task_id=print_date, execution_date=20240625T002422, start_date=20240625T002505, end_date=20240625T002505
[2024-06-25 00:25:05,808] {taskinstance.py:1246} INFO - 1 downstream tasks scheduled from follow-on schedule check
[2024-06-25 00:25:05,854] {local_task_job.py:146} INFO - Task exited with return code 0
