[2024-06-25 00:25:06,711] {taskinstance.py:877} INFO - Dependencies all met for <TaskInstance: welcome_dag.print_random_quote 2024-06-25T00:22:58.919783+00:00 [queued]>
[2024-06-25 00:25:06,721] {taskinstance.py:877} INFO - Dependencies all met for <TaskInstance: welcome_dag.print_random_quote 2024-06-25T00:22:58.919783+00:00 [queued]>
[2024-06-25 00:25:06,721] {taskinstance.py:1068} INFO - 
--------------------------------------------------------------------------------
[2024-06-25 00:25:06,721] {taskinstance.py:1069} INFO - Starting attempt 1 of 1
[2024-06-25 00:25:06,721] {taskinstance.py:1070} INFO - 
--------------------------------------------------------------------------------
[2024-06-25 00:25:06,726] {taskinstance.py:1089} INFO - Executing <Task(PythonOperator): print_random_quote> on 2024-06-25T00:22:58.919783+00:00
[2024-06-25 00:25:06,730] {standard_task_runner.py:52} INFO - Started process 71 to run task
[2024-06-25 00:25:06,732] {standard_task_runner.py:76} INFO - Running: ['airflow', 'tasks', 'run', 'welcome_dag', 'print_random_quote', '2024-06-25T00:22:58.919783+00:00', '--job-id', '8', '--pool', 'default_pool', '--raw', '--subdir', 'DAGS_FOLDER/welcome_dag.py', '--cfg-path', '/tmp/tmp3acb_bz7', '--error-file', '/tmp/tmpatkwjajj']
[2024-06-25 00:25:06,733] {standard_task_runner.py:77} INFO - Job 8: Subtask print_random_quote
[2024-06-25 00:25:06,766] {logging_mixin.py:104} INFO - Running <TaskInstance: welcome_dag.print_random_quote 2024-06-25T00:22:58.919783+00:00 [running]> on host 2622c5d391e2
[2024-06-25 00:25:06,789] {taskinstance.py:1283} INFO - Exporting the following env vars:
AIRFLOW_CTX_DAG_OWNER=airflow
AIRFLOW_CTX_DAG_ID=welcome_dag
AIRFLOW_CTX_TASK_ID=print_random_quote
AIRFLOW_CTX_EXECUTION_DATE=2024-06-25T00:22:58.919783+00:00
AIRFLOW_CTX_DAG_RUN_ID=manual__2024-06-25T00:22:58.919783+00:00
[2024-06-25 00:25:07,185] {logging_mixin.py:104} INFO - Quote of the day: "The man who trusts men will make fewer mistakes than he who distrusts them."
[2024-06-25 00:25:07,186] {python.py:118} INFO - Done. Returned value was: None
[2024-06-25 00:25:07,193] {taskinstance.py:1192} INFO - Marking task as SUCCESS. dag_id=welcome_dag, task_id=print_random_quote, execution_date=20240625T002258, start_date=20240625T002506, end_date=20240625T002507
[2024-06-25 00:25:07,208] {taskinstance.py:1246} INFO - 0 downstream tasks scheduled from follow-on schedule check
[2024-06-25 00:25:07,227] {local_task_job.py:146} INFO - Task exited with return code 0
