[2024-06-25 00:25:21,398] {taskinstance.py:877} INFO - Dependencies all met for <TaskInstance: welcome_dag.print_random_quote 2024-06-25T00:25:18.426747+00:00 [queued]>
[2024-06-25 00:25:21,407] {taskinstance.py:877} INFO - Dependencies all met for <TaskInstance: welcome_dag.print_random_quote 2024-06-25T00:25:18.426747+00:00 [queued]>
[2024-06-25 00:25:21,407] {taskinstance.py:1068} INFO - 
--------------------------------------------------------------------------------
[2024-06-25 00:25:21,408] {taskinstance.py:1069} INFO - Starting attempt 1 of 1
[2024-06-25 00:25:21,408] {taskinstance.py:1070} INFO - 
--------------------------------------------------------------------------------
[2024-06-25 00:25:21,412] {taskinstance.py:1089} INFO - Executing <Task(PythonOperator): print_random_quote> on 2024-06-25T00:25:18.426747+00:00
[2024-06-25 00:25:21,418] {standard_task_runner.py:76} INFO - Running: ['airflow', 'tasks', 'run', 'welcome_dag', 'print_random_quote', '2024-06-25T00:25:18.426747+00:00', '--job-id', '13', '--pool', 'default_pool', '--raw', '--subdir', 'DAGS_FOLDER/welcome_dag.py', '--cfg-path', '/tmp/tmp81k0e6wl', '--error-file', '/tmp/tmppxbph_8_']
[2024-06-25 00:25:21,418] {standard_task_runner.py:77} INFO - Job 13: Subtask print_random_quote
[2024-06-25 00:25:21,416] {standard_task_runner.py:52} INFO - Started process 81 to run task
[2024-06-25 00:25:21,449] {logging_mixin.py:104} INFO - Running <TaskInstance: welcome_dag.print_random_quote 2024-06-25T00:25:18.426747+00:00 [running]> on host 2622c5d391e2
[2024-06-25 00:25:21,472] {taskinstance.py:1283} INFO - Exporting the following env vars:
AIRFLOW_CTX_DAG_OWNER=airflow
AIRFLOW_CTX_DAG_ID=welcome_dag
AIRFLOW_CTX_TASK_ID=print_random_quote
AIRFLOW_CTX_EXECUTION_DATE=2024-06-25T00:25:18.426747+00:00
AIRFLOW_CTX_DAG_RUN_ID=manual__2024-06-25T00:25:18.426747+00:00
[2024-06-25 00:25:21,660] {logging_mixin.py:104} INFO - Quote of the day: "Habit, if not resisted, soon becomes necessity."
[2024-06-25 00:25:21,660] {python.py:118} INFO - Done. Returned value was: None
[2024-06-25 00:25:21,668] {taskinstance.py:1192} INFO - Marking task as SUCCESS. dag_id=welcome_dag, task_id=print_random_quote, execution_date=20240625T002518, start_date=20240625T002521, end_date=20240625T002521
[2024-06-25 00:25:21,683] {taskinstance.py:1246} INFO - 0 downstream tasks scheduled from follow-on schedule check
[2024-06-25 00:25:21,712] {local_task_job.py:146} INFO - Task exited with return code 0
