[2024-06-25 00:25:20,309] {taskinstance.py:877} INFO - Dependencies all met for <TaskInstance: welcome_dag.print_date 2024-06-25T00:25:18.426747+00:00 [queued]>
[2024-06-25 00:25:20,318] {taskinstance.py:877} INFO - Dependencies all met for <TaskInstance: welcome_dag.print_date 2024-06-25T00:25:18.426747+00:00 [queued]>
[2024-06-25 00:25:20,319] {taskinstance.py:1068} INFO - 
--------------------------------------------------------------------------------
[2024-06-25 00:25:20,319] {taskinstance.py:1069} INFO - Starting attempt 1 of 1
[2024-06-25 00:25:20,319] {taskinstance.py:1070} INFO - 
--------------------------------------------------------------------------------
[2024-06-25 00:25:20,325] {taskinstance.py:1089} INFO - Executing <Task(PythonOperator): print_date> on 2024-06-25T00:25:18.426747+00:00
[2024-06-25 00:25:20,329] {standard_task_runner.py:52} INFO - Started process 79 to run task
[2024-06-25 00:25:20,331] {standard_task_runner.py:76} INFO - Running: ['airflow', 'tasks', 'run', 'welcome_dag', 'print_date', '2024-06-25T00:25:18.426747+00:00', '--job-id', '12', '--pool', 'default_pool', '--raw', '--subdir', 'DAGS_FOLDER/welcome_dag.py', '--cfg-path', '/tmp/tmpuwn6v1hq', '--error-file', '/tmp/tmpin8fl2h_']
[2024-06-25 00:25:20,331] {standard_task_runner.py:77} INFO - Job 12: Subtask print_date
[2024-06-25 00:25:20,357] {logging_mixin.py:104} INFO - Running <TaskInstance: welcome_dag.print_date 2024-06-25T00:25:18.426747+00:00 [running]> on host 2622c5d391e2
[2024-06-25 00:25:20,380] {taskinstance.py:1283} INFO - Exporting the following env vars:
AIRFLOW_CTX_DAG_OWNER=airflow
AIRFLOW_CTX_DAG_ID=welcome_dag
AIRFLOW_CTX_TASK_ID=print_date
AIRFLOW_CTX_EXECUTION_DATE=2024-06-25T00:25:18.426747+00:00
AIRFLOW_CTX_DAG_RUN_ID=manual__2024-06-25T00:25:18.426747+00:00
[2024-06-25 00:25:20,380] {logging_mixin.py:104} INFO - Today is 2024-06-25
[2024-06-25 00:25:20,380] {python.py:118} INFO - Done. Returned value was: None
[2024-06-25 00:25:20,387] {taskinstance.py:1192} INFO - Marking task as SUCCESS. dag_id=welcome_dag, task_id=print_date, execution_date=20240625T002518, start_date=20240625T002520, end_date=20240625T002520
[2024-06-25 00:25:20,404] {taskinstance.py:1246} INFO - 1 downstream tasks scheduled from follow-on schedule check
[2024-06-25 00:25:20,424] {local_task_job.py:146} INFO - Task exited with return code 0
